sadmin登陆了，登陆时间：2017-07-03 17:33:49
admin登陆了，登陆时间：2017-07-03 17:34:00
admin登陆了，登陆时间：2017-07-03 17:36:27
admin登陆了，登陆时间：2017-07-03 17:36:48
admin登陆了，登陆时间：2017-07-03 17:36:53
admin登陆了，登陆时间：2017-07-03 17:36:53
admin登陆了，登陆时间：2017-07-03 17:36:53
admin登陆了，登陆时间：2017-07-03 17:36:53
admin登陆了，登陆时间：2017-07-03 17:36:53
admin登陆了，登陆时间：2017-07-03 17:36:55
admin登陆了，登陆时间：2017-07-03 17:38:24
admin登陆了，登陆时间：2017-07-03 17:38:25
admin登陆了，登陆时间：2017-07-03 17:38:40
<br\>admin登陆了，登陆时间：2017-07-03 17:39:16
<hr\>admin登陆了，登陆时间：2017-07-03 17:43:09
<br\>admin登陆了，登陆时间：2017-07-03 17:45:04
admin登陆了，登陆时间：2017-07-03 17:45:20
admin登陆了，登陆时间：2017-07-04 19:59:58
admin登陆了，登陆时间：2017-07-04 20:55:13
admin登陆了，登陆时间：2017-07-04 20:57:08
admin登陆了，登陆时间：2017-07-04 21:00:18
admin登陆了，登陆时间：2017-07-05 13:07:18
admin登陆了，登陆时间：2017-02-01 09:02:18admin登陆了，登陆时间：2017-07-07 16:42:26admin登陆了，登陆时间：2017-07-07 16:42:29admin登陆了，登陆时间：2017-07-07 16:46:35admin登陆了，登陆时间：2017-07-07 16:52:43admin登陆了，登陆时间：2017-07-07 16:58:28admin登陆了，登陆时间：2017-07-07 16:58:32admin登陆了，登陆时间：2017-07-07 16:59:05admin登陆了，登陆时间：2017-07-07 16:59:17admin登陆了，登陆时间：2017-07-07 16:59:42admin登陆了，登陆时间：2017-07-07 17:00:56admin登陆了，登陆时间：2017-07-07 17:01:00admin登陆了，登陆时间：2017-07-07 17:01:54admin登陆了，登陆时间：2017-07-07 17:02:02